<?xml version="1.0" encoding="utf-8"?>
<TestRun id="9862c6d8-a866-4f9f-9a2e-229c5d3bd963" name="Nova@NOVA 2026-03-10 14:59:32" runUser="Nova\Nova" xmlns="http://microsoft.com/schemas/VisualStudio/TeamTest/2010">
  <Times creation="2026-03-10T14:59:32.1224291+02:00" queuing="2026-03-10T14:59:32.1224294+02:00" start="2026-03-10T14:59:25.2188860+02:00" finish="2026-03-10T14:59:35.4305732+02:00" />
  <TestSettings name="default" id="252c056d-416c-4419-8cfb-c65f9e56881d">
    <Deployment runDeploymentRoot="Nova_NOVA_2026-03-10_14_59_32" />
  </TestSettings>
  <Results>
    <UnitTestResult executionId="dbd7b70c-46c6-4141-a052-4781011c1efd" testId="e71a2dbe-af5c-e17f-584c-f0711330f2a9" testName="Yellowcake.Tests.ModServiceTests.HasUpdate_ShouldReturnFalseWhenEitherModIsNull" computerName="NOVA" duration="00:00:00.0001353" startTime="2026-03-10T14:59:31.7265327+02:00" endTime="2026-03-10T14:59:31.7265328+02:00" testType="13cdc9d9-ddb5-4fa4-a97d-d965ccfc6d4b" outcome="Passed" testListId="8c84fa94-04c1-424b-9868-57a2d4851a1d" relativeResultsDirectory="dbd7b70c-46c6-4141-a052-4781011c1efd" />
    <UnitTestResult executionId="b32b6578-9ce8-478a-919d-5c8920e3981e" testId="8abac77b-a414-54aa-f008-87eea06c8743" testName="Yellowcake.Tests.ModModelTests.Validate_ShouldFailWhenCoreFieldsMissing" computerName="NOVA" duration="00:00:00.0004459" startTime="2026-03-10T14:59:33.0048927+02:00" endTime="2026-03-10T14:59:33.0048928+02:00" testType="13cdc9d9-ddb5-4fa4-a97d-d965ccfc6d4b" outcome="Passed" testListId="8c84fa94-04c1-424b-9868-57a2d4851a1d" relativeResultsDirectory="b32b6578-9ce8-478a-919d-5c8920e3981e" />
    <UnitTestResult executionId="d646155d-8f7e-49ce-9f5a-b55076e2699d" testId="4f0699ce-f4f3-0a0c-632f-718563e9fa9c" testName="Yellowcake.Tests.ManifestServiceTests.FetchRemoteManifestAsync_ShouldParseValidManifestAndSetSource" computerName="NOVA" duration="00:00:00.0077434" startTime="2026-03-10T14:59:32.0852629+02:00" endTime="2026-03-10T14:59:32.0852632+02:00" testType="13cdc9d9-ddb5-4fa4-a97d-d965ccfc6d4b" outcome="Passed" testListId="8c84fa94-04c1-424b-9868-57a2d4851a1d" relativeResultsDirectory="d646155d-8f7e-49ce-9f5a-b55076e2699d" />
    <UnitTestResult executionId="6991f63b-060f-429a-bebe-37c22d2a44e9" testId="a03cd552-ca74-3518-1a2b-09600b98c32a" testName="Yellowcake.Tests.DownloadQueueTests.EnqueueAsync_WhenCanceledWhileActive_ShouldCleanupAndThrow" computerName="NOVA" duration="00:00:00.0048376" startTime="2026-03-10T14:59:33.4156423+02:00" endTime="2026-03-10T14:59:33.4156428+02:00" testType="13cdc9d9-ddb5-4fa4-a97d-d965ccfc6d4b" outcome="Passed" testListId="8c84fa94-04c1-424b-9868-57a2d4851a1d" relativeResultsDirectory="6991f63b-060f-429a-bebe-37c22d2a44e9" />
    <UnitTestResult executionId="5c1a4431-4c65-4404-b4c8-3d0f95b5b6aa" testId="5c1439ef-1cf7-d305-f310-9d03ea35376a" testName="Yellowcake.Tests.ModDiscoveryTests.ReconcileInstalledModsWithDisk_ShouldDiscoverExternallyInstalledPlugin" computerName="NOVA" duration="00:00:00.0627781" startTime="2026-03-10T14:59:32.8027415+02:00" endTime="2026-03-10T14:59:32.8027419+02:00" testType="13cdc9d9-ddb5-4fa4-a97d-d965ccfc6d4b" outcome="Passed" testListId="8c84fa94-04c1-424b-9868-57a2d4851a1d" relativeResultsDirectory="5c1a4431-4c65-4404-b4c8-3d0f95b5b6aa" />
    <UnitTestResult executionId="ca57b2a3-3e46-4146-b56d-46563823fd53" testId="82b65da7-a725-baeb-00b0-7bcbfe694923" testName="Yellowcake.Tests.ModServiceTests.HasUpdate_ShouldReturnFalseWhenSameVersion" computerName="NOVA" duration="00:00:00.0003656" startTime="2026-03-10T14:59:31.7254830+02:00" endTime="2026-03-10T14:59:31.7254832+02:00" testType="13cdc9d9-ddb5-4fa4-a97d-d965ccfc6d4b" outcome="Passed" testListId="8c84fa94-04c1-424b-9868-57a2d4851a1d" relativeResultsDirectory="ca57b2a3-3e46-4146-b56d-46563823fd53" />
    <UnitTestResult executionId="39bbc5c6-90a5-4b01-93ce-3f9c89d47a65" testId="8831b662-9602-8af8-4201-f29965c8931b" testName="Yellowcake.Tests.PerformanceTrackerTests.GetStats_ShouldReturnZeroPercentilesWhenNoOperationsRecorded" computerName="NOVA" duration="00:00:00.0210626" startTime="2026-03-10T14:59:33.4371834+02:00" endTime="2026-03-10T14:59:33.4371839+02:00" testType="13cdc9d9-ddb5-4fa4-a97d-d965ccfc6d4b" outcome="Passed" testListId="8c84fa94-04c1-424b-9868-57a2d4851a1d" relativeResultsDirectory="39bbc5c6-90a5-4b01-93ce-3f9c89d47a65" />
    <UnitTestResult executionId="d9098d5a-3572-4ee7-847f-4b702cceb755" testId="be814daa-4dc5-0054-6284-f8f8d28f0efe" testName="Yellowcake.Tests.InstallServiceTests.ExtractArchiveToPath_ShouldSkipPathTraversalEntries" computerName="NOVA" duration="00:00:00.2490008" startTime="2026-03-10T14:59:33.9385324+02:00" endTime="2026-03-10T14:59:33.9385331+02:00" testType="13cdc9d9-ddb5-4fa4-a97d-d965ccfc6d4b" outcome="Passed" testListId="8c84fa94-04c1-424b-9868-57a2d4851a1d" relativeResultsDirectory="d9098d5a-3572-4ee7-847f-4b702cceb755" />
    <UnitTestResult executionId="78262b76-d71c-4464-9090-5e61a28f9651" testId="6b68883a-7cd5-36ae-f38a-8baeeaeb9f6d" testName="Yellowcake.Tests.ModServiceTests.HasUpdate_ShouldTreatNonStandardVersionsAsEqualWhenBothNormalizeToZero" computerName="NOVA" duration="00:00:00.0001165" startTime="2026-03-10T14:59:31.7269027+02:00" endTime="2026-03-10T14:59:31.7269028+02:00" testType="13cdc9d9-ddb5-4fa4-a97d-d965ccfc6d4b" outcome="Passed" testListId="8c84fa94-04c1-424b-9868-57a2d4851a1d" relativeResultsDirectory="78262b76-d71c-4464-9090-5e61a28f9651" />
    <UnitTestResult executionId="2ab4dcfa-95d5-4545-9656-e1140c8d1924" testId="c5a82d96-7bbb-d01b-1e45-36dc5da2b19e" testName="Yellowcake.Tests.DownloadQueueTests.EnqueueAsync_ShouldTrackQueuedAndActiveDownloads" computerName="NOVA" duration="00:00:00.1118587" startTime="2026-03-10T14:59:33.1181092+02:00" endTime="2026-03-10T14:59:33.1181104+02:00" testType="13cdc9d9-ddb5-4fa4-a97d-d965ccfc6d4b" outcome="Passed" testListId="8c84fa94-04c1-424b-9868-57a2d4851a1d" relativeResultsDirectory="2ab4dcfa-95d5-4545-9656-e1140c8d1924" />
    <UnitTestResult executionId="75274af0-f071-4a52-aef6-bc4c23b5bd1a" testId="9f747382-eedb-f398-20d9-6df8895f9934" testName="Yellowcake.Tests.ModDiscoveryTests.ReconcileInstalledModsWithDisk_ShouldUpdateExistingDbEntryWhenExternalStateChanges" computerName="NOVA" duration="00:00:00.0811119" startTime="2026-03-10T14:59:32.9596854+02:00" endTime="2026-03-10T14:59:32.9596863+02:00" testType="13cdc9d9-ddb5-4fa4-a97d-d965ccfc6d4b" outcome="Passed" testListId="8c84fa94-04c1-424b-9868-57a2d4851a1d" relativeResultsDirectory="75274af0-f071-4a52-aef6-bc4c23b5bd1a" />
    <UnitTestResult executionId="6b53685e-4a1a-44d4-a080-b1317f958d06" testId="6bd52476-3fc6-3e46-6f55-bb98136d5fe2" testName="Yellowcake.Tests.ModModelTests.Validate_ShouldPassWhenReleaseArtifactHasDownloadUrl" computerName="NOVA" duration="00:00:00.0005223" startTime="2026-03-10T14:59:33.0058976+02:00" endTime="2026-03-10T14:59:33.0058976+02:00" testType="13cdc9d9-ddb5-4fa4-a97d-d965ccfc6d4b" outcome="Passed" testListId="8c84fa94-04c1-424b-9868-57a2d4851a1d" relativeResultsDirectory="6b53685e-4a1a-44d4-a080-b1317f958d06" />
    <UnitTestResult executionId="8b023c87-9bda-4b10-8207-57bcf77c1d29" testId="a1235d96-4456-282c-ba88-2a1cec3158fc" testName="Yellowcake.Tests.ModDiscoveryTests.ReconcileInstalledModsWithDisk_ShouldMarkDbModRemovedWhenMissingFromDisk" computerName="NOVA" duration="00:00:00.1014560" startTime="2026-03-10T14:59:32.7398004+02:00" endTime="2026-03-10T14:59:32.7398006+02:00" testType="13cdc9d9-ddb5-4fa4-a97d-d965ccfc6d4b" outcome="Passed" testListId="8c84fa94-04c1-424b-9868-57a2d4851a1d" relativeResultsDirectory="8b023c87-9bda-4b10-8207-57bcf77c1d29" />
    <UnitTestResult executionId="c4c6b505-acb1-4464-9f68-56e7ffcaafb6" testId="18bd709f-0b83-bd90-6596-111bcbec0ae3" testName="Yellowcake.Tests.ModServiceTests.HasUpdate_ShouldReturnTrueWhenRemoteVersionIsNewer" computerName="NOVA" duration="00:00:00.1852370" startTime="2026-03-10T14:59:31.7159361+02:00" endTime="2026-03-10T14:59:31.7159763+02:00" testType="13cdc9d9-ddb5-4fa4-a97d-d965ccfc6d4b" outcome="Passed" testListId="8c84fa94-04c1-424b-9868-57a2d4851a1d" relativeResultsDirectory="c4c6b505-acb1-4464-9f68-56e7ffcaafb6" />
    <UnitTestResult executionId="aa8030f9-9f1f-4a6c-b51e-646da14d9656" testId="e7f1bf20-5c4d-b188-a845-18cda77aa3f5" testName="Yellowcake.Tests.ManifestServiceTests.FetchRemoteManifestAsync_BackgroundRefresh_ShouldNotCallHttpWhenTokenCancelled" computerName="NOVA" duration="00:00:00.3531274" startTime="2026-03-10T14:59:32.0759611+02:00" endTime="2026-03-10T14:59:32.0759620+02:00" testType="13cdc9d9-ddb5-4fa4-a97d-d965ccfc6d4b" outcome="Passed" testListId="8c84fa94-04c1-424b-9868-57a2d4851a1d" relativeResultsDirectory="aa8030f9-9f1f-4a6c-b51e-646da14d9656" />
    <UnitTestResult executionId="c2e04d1b-3893-4f68-a48f-10cadc13970b" testId="28cf7754-2b3b-9b9a-5a11-d32cfa635363" testName="Yellowcake.Tests.ModDiscoveryTests.ReconcileInstalledModsWithDisk_ShouldDiscoverUnknownExternalPluginWithoutManifestEntry" computerName="NOVA" duration="00:00:00.4727974" startTime="2026-03-10T14:59:32.5722253+02:00" endTime="2026-03-10T14:59:32.5722258+02:00" testType="13cdc9d9-ddb5-4fa4-a97d-d965ccfc6d4b" outcome="Passed" testListId="8c84fa94-04c1-424b-9868-57a2d4851a1d" relativeResultsDirectory="c2e04d1b-3893-4f68-a48f-10cadc13970b" />
    <UnitTestResult executionId="f4e2c662-4e9b-452e-8acd-418db75c1906" testId="c51f1c4c-e218-6311-007c-364605f166bc" testName="Yellowcake.Tests.ModModelTests.GetReleaseArtifacts_ShouldReturnSortedDescendingByVersion" computerName="NOVA" duration="00:00:00.0040806" startTime="2026-03-10T14:59:33.0025867+02:00" endTime="2026-03-10T14:59:33.0025869+02:00" testType="13cdc9d9-ddb5-4fa4-a97d-d965ccfc6d4b" outcome="Passed" testListId="8c84fa94-04c1-424b-9868-57a2d4851a1d" relativeResultsDirectory="f4e2c662-4e9b-452e-8acd-418db75c1906" />
    <UnitTestResult executionId="c3548df4-06e8-4056-acbf-c5b3a36772f0" testId="7f43f07f-f4dd-91b4-6312-70a483c8efa1" testName="Yellowcake.Tests.ModModelTests.MarkAsInstalledAndUninstalled_ShouldMutateStateConsistently" computerName="NOVA" duration="00:00:00.0003958" startTime="2026-03-10T14:59:33.0065151+02:00" endTime="2026-03-10T14:59:33.0065151+02:00" testType="13cdc9d9-ddb5-4fa4-a97d-d965ccfc6d4b" outcome="Passed" testListId="8c84fa94-04c1-424b-9868-57a2d4851a1d" relativeResultsDirectory="c3548df4-06e8-4056-acbf-c5b3a36772f0" />
    <UnitTestResult executionId="da26c4ad-47f2-4dc1-834f-2cc16d0ef151" testId="ccc4b22b-41b7-9a6d-8c5b-69045acea5f6" testName="Yellowcake.Tests.InstallServiceTests.ExtractArchiveToPath_ShouldStripSingleSharedRootFolder" computerName="NOVA" duration="00:00:00.0238624" startTime="2026-03-10T14:59:33.9625105+02:00" endTime="2026-03-10T14:59:33.9625111+02:00" testType="13cdc9d9-ddb5-4fa4-a97d-d965ccfc6d4b" outcome="Passed" testListId="8c84fa94-04c1-424b-9868-57a2d4851a1d" relativeResultsDirectory="da26c4ad-47f2-4dc1-834f-2cc16d0ef151" />
    <UnitTestResult executionId="bb3e40c9-f6e4-497c-8a91-4a63caf1a274" testId="85dc5dbb-e8d4-4bdc-03fd-a0d52eb0beb4" testName="Yellowcake.Tests.ModModelTests.FinalizeFromManifest_ShouldDetectMissionAndVoiceAndLiveryFromMetadata" computerName="NOVA" duration="00:00:00.0009532" startTime="2026-03-10T14:59:33.0055708+02:00" endTime="2026-03-10T14:59:33.0055709+02:00" testType="13cdc9d9-ddb5-4fa4-a97d-d965ccfc6d4b" outcome="Passed" testListId="8c84fa94-04c1-424b-9868-57a2d4851a1d" relativeResultsDirectory="bb3e40c9-f6e4-497c-8a91-4a63caf1a274" />
    <UnitTestResult executionId="bf908360-dec8-40f6-aa0d-47917a72c72d" testId="c637ce0e-eb7a-f7c4-7094-1e4201e18d78" testName="Yellowcake.Tests.ManifestServiceTests.FetchRemoteManifestAsync_ShouldFallbackToCacheOnHttpFailure" computerName="NOVA" duration="00:00:00.0046759" startTime="2026-03-10T14:59:32.0901188+02:00" endTime="2026-03-10T14:59:32.0901189+02:00" testType="13cdc9d9-ddb5-4fa4-a97d-d965ccfc6d4b" outcome="Passed" testListId="8c84fa94-04c1-424b-9868-57a2d4851a1d" relativeResultsDirectory="bf908360-dec8-40f6-aa0d-47917a72c72d" />
    <UnitTestResult executionId="9f3bb1ab-1fb4-4ed7-b013-f6fed3c1edbc" testId="fa6e08b5-a302-e0ee-35ab-691a4a6c0e6d" testName="Yellowcake.Tests.ManifestServiceTests.ClearCache_ShouldDeleteManifestCache" computerName="NOVA" duration="00:00:00.0037816" startTime="2026-03-10T14:59:32.0939965+02:00" endTime="2026-03-10T14:59:32.0939967+02:00" testType="13cdc9d9-ddb5-4fa4-a97d-d965ccfc6d4b" outcome="Passed" testListId="8c84fa94-04c1-424b-9868-57a2d4851a1d" relativeResultsDirectory="9f3bb1ab-1fb4-4ed7-b013-f6fed3c1edbc" />
    <UnitTestResult executionId="f6831788-ec84-441b-a04c-34ab4a83f849" testId="cfad0f77-4529-a964-b067-09250ab2b1ba" testName="Yellowcake.Tests.ModDiscoveryTests.ReconcileInstalledModsWithDisk_ShouldNotDoubleCountWhenStorageAndGameTargetsExist" computerName="NOVA" duration="00:00:00.0658208" startTime="2026-03-10T14:59:32.6382015+02:00" endTime="2026-03-10T14:59:32.6382020+02:00" testType="13cdc9d9-ddb5-4fa4-a97d-d965ccfc6d4b" outcome="Passed" testListId="8c84fa94-04c1-424b-9868-57a2d4851a1d" relativeResultsDirectory="f6831788-ec84-441b-a04c-34ab4a83f849" />
    <UnitTestResult executionId="3d068fef-0d97-45c5-896a-5a1defaeb100" testId="35e724b1-0a05-ac61-e20e-321cb51c9c8e" testName="Yellowcake.Tests.PerformanceTrackerTests.GetStats_ShouldCalculateCorrectPercentiles" computerName="NOVA" duration="00:00:00.0034311" startTime="2026-03-10T14:59:33.4407294+02:00" endTime="2026-03-10T14:59:33.4407297+02:00" testType="13cdc9d9-ddb5-4fa4-a97d-d965ccfc6d4b" outcome="Passed" testListId="8c84fa94-04c1-424b-9868-57a2d4851a1d" relativeResultsDirectory="3d068fef-0d97-45c5-896a-5a1defaeb100" />
    <UnitTestResult executionId="d9718dc7-8255-4897-9092-62af6ad737b3" testId="230488d2-59e4-d426-f988-91ae0acc2649" testName="Yellowcake.Tests.ConfigurationContractTests.ManifestSources_ShouldContainOnlyOfficialSource" computerName="NOVA" duration="00:00:00.2479916" startTime="2026-03-10T14:59:33.6890043+02:00" endTime="2026-03-10T14:59:33.6890046+02:00" testType="13cdc9d9-ddb5-4fa4-a97d-d965ccfc6d4b" outcome="Passed" testListId="8c84fa94-04c1-424b-9868-57a2d4851a1d" relativeResultsDirectory="d9718dc7-8255-4897-9092-62af6ad737b3" />
    <UnitTestResult executionId="cdff5810-1443-4ba9-b030-723ccec52105" testId="408cf102-9160-b88c-d682-8e1efc087bab" testName="Yellowcake.Tests.ModDiscoveryTests.ReconcileInstalledModsWithDisk_ShouldDiscoverLegacyVoicePackStorage" computerName="NOVA" duration="00:00:00.0754769" startTime="2026-03-10T14:59:32.8783891+02:00" endTime="2026-03-10T14:59:32.8783895+02:00" testType="13cdc9d9-ddb5-4fa4-a97d-d965ccfc6d4b" outcome="Passed" testListId="8c84fa94-04c1-424b-9868-57a2d4851a1d" relativeResultsDirectory="cdff5810-1443-4ba9-b030-723ccec52105" />
    <UnitTestResult executionId="79a5a17c-91c7-42cd-b6e5-4a1601255192" testId="17de1921-a48a-737e-8980-d07f2cdb6f6a" testName="Yellowcake.Tests.DownloadQueueTests.EnqueueAsync_WhenCanceledWhileQueued_ShouldCleanupPendingState" computerName="NOVA" duration="00:00:00.2920389" startTime="2026-03-10T14:59:33.4106119+02:00" endTime="2026-03-10T14:59:33.4106125+02:00" testType="13cdc9d9-ddb5-4fa4-a97d-d965ccfc6d4b" outcome="Passed" testListId="8c84fa94-04c1-424b-9868-57a2d4851a1d" relativeResultsDirectory="79a5a17c-91c7-42cd-b6e5-4a1601255192" />
    <UnitTestResult executionId="e4d777b1-16d1-4c8b-ad27-e57d49c1a475" testId="bd37dfa5-9f80-58d9-b441-89eebd6764d3" testName="Yellowcake.Tests.ManifestServiceTests.FetchRemoteManifestAsync_ShouldReturnEmptyWhenTargetMissing" computerName="NOVA" duration="00:00:00.0016783" startTime="2026-03-10T14:59:32.0957745+02:00" endTime="2026-03-10T14:59:32.0957748+02:00" testType="13cdc9d9-ddb5-4fa4-a97d-d965ccfc6d4b" outcome="Passed" testListId="8c84fa94-04c1-424b-9868-57a2d4851a1d" relativeResultsDirectory="e4d777b1-16d1-4c8b-ad27-e57d49c1a475" />
    <UnitTestResult executionId="381ddcc6-369b-40b5-80e6-196c22235bfc" testId="d9d2b30e-3cd9-b530-8dbf-c8f85fa6a7d8" testName="Yellowcake.Tests.ModModelTests.IsExternalSource_ShouldBeTrueOnlyForExternalSourceMods" computerName="NOVA" duration="00:00:00.0001805" startTime="2026-03-10T14:59:33.0062123+02:00" endTime="2026-03-10T14:59:33.0062124+02:00" testType="13cdc9d9-ddb5-4fa4-a97d-d965ccfc6d4b" outcome="Passed" testListId="8c84fa94-04c1-424b-9868-57a2d4851a1d" relativeResultsDirectory="381ddcc6-369b-40b5-80e6-196c22235bfc" />
    <UnitTestResult executionId="e69ceb72-65ec-4f7f-82cf-7fb791e7a0a0" testId="bef337ee-84b6-8887-f5f9-932caf8dba60" testName="Yellowcake.Tests.ConfigurationContractTests.OfficialEndpoints_ShouldMatchExpectedUrls" computerName="NOVA" duration="00:00:00.0001734" startTime="2026-03-10T14:59:33.6894653+02:00" endTime="2026-03-10T14:59:33.6894654+02:00" testType="13cdc9d9-ddb5-4fa4-a97d-d965ccfc6d4b" outcome="Passed" testListId="8c84fa94-04c1-424b-9868-57a2d4851a1d" relativeResultsDirectory="e69ceb72-65ec-4f7f-82cf-7fb791e7a0a0" />
    <UnitTestResult executionId="2aff0e2e-d4af-4bda-a0fa-3ca69e58283f" testId="ea733dec-bb5b-bc1a-f4a1-5e72a74f39d8" testName="Yellowcake.Tests.PathServiceTests.GetModsDirectory_ShouldCreateAndReturnStableDirectory" computerName="NOVA" duration="00:00:00.0008556" startTime="2026-03-10T14:59:32.1050177+02:00" endTime="2026-03-10T14:59:32.1050178+02:00" testType="13cdc9d9-ddb5-4fa4-a97d-d965ccfc6d4b" outcome="Passed" testListId="8c84fa94-04c1-424b-9868-57a2d4851a1d" relativeResultsDirectory="2aff0e2e-d4af-4bda-a0fa-3ca69e58283f" />
    <UnitTestResult executionId="0d0b58a0-acd7-4418-ade4-7e73e75e3a8c" testId="9f0e5063-9843-dd15-78c6-d8c09aa3ee6f" testName="Yellowcake.Tests.ModDiscoveryTests.ReconcileInstalledModsWithDisk_ShouldDoNothingWhenNoDiskOrDbMods" computerName="NOVA" duration="00:00:00.0382953" startTime="2026-03-10T14:59:32.9981370+02:00" endTime="2026-03-10T14:59:32.9981372+02:00" testType="13cdc9d9-ddb5-4fa4-a97d-d965ccfc6d4b" outcome="Passed" testListId="8c84fa94-04c1-424b-9868-57a2d4851a1d" relativeResultsDirectory="0d0b58a0-acd7-4418-ade4-7e73e75e3a8c" />
    <UnitTestResult executionId="2a3361fb-1046-4d93-8a6f-801f0a75bdfe" testId="309c55c9-863f-7317-4f88-efd32404ed67" testName="Yellowcake.Tests.ModModelTests.CleanVersion_ShouldNormalizeCommonFormats" computerName="NOVA" duration="00:00:00.0002108" startTime="2026-03-10T14:59:33.0052403+02:00" endTime="2026-03-10T14:59:33.0052404+02:00" testType="13cdc9d9-ddb5-4fa4-a97d-d965ccfc6d4b" outcome="Passed" testListId="8c84fa94-04c1-424b-9868-57a2d4851a1d" relativeResultsDirectory="2a3361fb-1046-4d93-8a6f-801f0a75bdfe" />
  </Results>
  <TestDefinitions>
    <UnitTest name="Yellowcake.Tests.InstallServiceTests.ExtractArchiveToPath_ShouldSkipPathTraversalEntries" storage="c:\users\nova\source\repos\yellowcake\yellowcake.tests\bin\release\net10.0\yellowcake.tests.dll" id="be814daa-4dc5-0054-6284-f8f8d28f0efe">
      <Execution id="d9098d5a-3572-4ee7-847f-4b702cceb755" />
      <TestMethod codeBase="C:\Users\nova\source\repos\Yellowcake\Yellowcake.Tests\bin\Release\net10.0\Yellowcake.Tests.dll" adapterTypeName="executor://xunit/VsTestRunner2/netcoreapp" className="Yellowcake.Tests.InstallServiceTests" name="ExtractArchiveToPath_ShouldSkipPathTraversalEntries" />
    </UnitTest>
    <UnitTest name="Yellowcake.Tests.PerformanceTrackerTests.GetStats_ShouldCalculateCorrectPercentiles" storage="c:\users\nova\source\repos\yellowcake\yellowcake.tests\bin\release\net10.0\yellowcake.tests.dll" id="35e724b1-0a05-ac61-e20e-321cb51c9c8e">
      <Execution id="3d068fef-0d97-45c5-896a-5a1defaeb100" />
      <TestMethod codeBase="C:\Users\nova\source\repos\Yellowcake\Yellowcake.Tests\bin\Release\net10.0\Yellowcake.Tests.dll" adapterTypeName="executor://xunit/VsTestRunner2/netcoreapp" className="Yellowcake.Tests.PerformanceTrackerTests" name="GetStats_ShouldCalculateCorrectPercentiles" />
    </UnitTest>
    <UnitTest name="Yellowcake.Tests.PathServiceTests.GetModsDirectory_ShouldCreateAndReturnStableDirectory" storage="c:\users\nova\source\repos\yellowcake\yellowcake.tests\bin\release\net10.0\yellowcake.tests.dll" id="ea733dec-bb5b-bc1a-f4a1-5e72a74f39d8">
      <Execution id="2aff0e2e-d4af-4bda-a0fa-3ca69e58283f" />
      <TestMethod codeBase="C:\Users\nova\source\repos\Yellowcake\Yellowcake.Tests\bin\Release\net10.0\Yellowcake.Tests.dll" adapterTypeName="executor://xunit/VsTestRunner2/netcoreapp" className="Yellowcake.Tests.PathServiceTests" name="GetModsDirectory_ShouldCreateAndReturnStableDirectory" />
    </UnitTest>
    <UnitTest name="Yellowcake.Tests.ManifestServiceTests.FetchRemoteManifestAsync_ShouldParseValidManifestAndSetSource" storage="c:\users\nova\source\repos\yellowcake\yellowcake.tests\bin\release\net10.0\yellowcake.tests.dll" id="4f0699ce-f4f3-0a0c-632f-718563e9fa9c">
      <Execution id="d646155d-8f7e-49ce-9f5a-b55076e2699d" />
      <TestMethod codeBase="C:\Users\nova\source\repos\Yellowcake\Yellowcake.Tests\bin\Release\net10.0\Yellowcake.Tests.dll" adapterTypeName="executor://xunit/VsTestRunner2/netcoreapp" className="Yellowcake.Tests.ManifestServiceTests" name="FetchRemoteManifestAsync_ShouldParseValidManifestAndSetSource" />
    </UnitTest>
    <UnitTest name="Yellowcake.Tests.ConfigurationContractTests.ManifestSources_ShouldContainOnlyOfficialSource" storage="c:\users\nova\source\repos\yellowcake\yellowcake.tests\bin\release\net10.0\yellowcake.tests.dll" id="230488d2-59e4-d426-f988-91ae0acc2649">
      <Execution id="d9718dc7-8255-4897-9092-62af6ad737b3" />
      <TestMethod codeBase="C:\Users\nova\source\repos\Yellowcake\Yellowcake.Tests\bin\Release\net10.0\Yellowcake.Tests.dll" adapterTypeName="executor://xunit/VsTestRunner2/netcoreapp" className="Yellowcake.Tests.ConfigurationContractTests" name="ManifestSources_ShouldContainOnlyOfficialSource" />
    </UnitTest>
    <UnitTest name="Yellowcake.Tests.PerformanceTrackerTests.GetStats_ShouldReturnZeroPercentilesWhenNoOperationsRecorded" storage="c:\users\nova\source\repos\yellowcake\yellowcake.tests\bin\release\net10.0\yellowcake.tests.dll" id="8831b662-9602-8af8-4201-f29965c8931b">
      <Execution id="39bbc5c6-90a5-4b01-93ce-3f9c89d47a65" />
      <TestMethod codeBase="C:\Users\nova\source\repos\Yellowcake\Yellowcake.Tests\bin\Release\net10.0\Yellowcake.Tests.dll" adapterTypeName="executor://xunit/VsTestRunner2/netcoreapp" className="Yellowcake.Tests.PerformanceTrackerTests" name="GetStats_ShouldReturnZeroPercentilesWhenNoOperationsRecorded" />
    </UnitTest>
    <UnitTest name="Yellowcake.Tests.ManifestServiceTests.FetchRemoteManifestAsync_ShouldFallbackToCacheOnHttpFailure" storage="c:\users\nova\source\repos\yellowcake\yellowcake.tests\bin\release\net10.0\yellowcake.tests.dll" id="c637ce0e-eb7a-f7c4-7094-1e4201e18d78">
      <Execution id="bf908360-dec8-40f6-aa0d-47917a72c72d" />
      <TestMethod codeBase="C:\Users\nova\source\repos\Yellowcake\Yellowcake.Tests\bin\Release\net10.0\Yellowcake.Tests.dll" adapterTypeName="executor://xunit/VsTestRunner2/netcoreapp" className="Yellowcake.Tests.ManifestServiceTests" name="FetchRemoteManifestAsync_ShouldFallbackToCacheOnHttpFailure" />
    </UnitTest>
    <UnitTest name="Yellowcake.Tests.ModDiscoveryTests.ReconcileInstalledModsWithDisk_ShouldUpdateExistingDbEntryWhenExternalStateChanges" storage="c:\users\nova\source\repos\yellowcake\yellowcake.tests\bin\release\net10.0\yellowcake.tests.dll" id="9f747382-eedb-f398-20d9-6df8895f9934">
      <Execution id="75274af0-f071-4a52-aef6-bc4c23b5bd1a" />
      <TestMethod codeBase="C:\Users\nova\source\repos\Yellowcake\Yellowcake.Tests\bin\Release\net10.0\Yellowcake.Tests.dll" adapterTypeName="executor://xunit/VsTestRunner2/netcoreapp" className="Yellowcake.Tests.ModDiscoveryTests" name="ReconcileInstalledModsWithDisk_ShouldUpdateExistingDbEntryWhenExternalStateChanges" />
    </UnitTest>
    <UnitTest name="Yellowcake.Tests.ModModelTests.MarkAsInstalledAndUninstalled_ShouldMutateStateConsistently" storage="c:\users\nova\source\repos\yellowcake\yellowcake.tests\bin\release\net10.0\yellowcake.tests.dll" id="7f43f07f-f4dd-91b4-6312-70a483c8efa1">
      <Execution id="c3548df4-06e8-4056-acbf-c5b3a36772f0" />
      <TestMethod codeBase="C:\Users\nova\source\repos\Yellowcake\Yellowcake.Tests\bin\Release\net10.0\Yellowcake.Tests.dll" adapterTypeName="executor://xunit/VsTestRunner2/netcoreapp" className="Yellowcake.Tests.ModModelTests" name="MarkAsInstalledAndUninstalled_ShouldMutateStateConsistently" />
    </UnitTest>
    <UnitTest name="Yellowcake.Tests.ModServiceTests.HasUpdate_ShouldReturnFalseWhenSameVersion" storage="c:\users\nova\source\repos\yellowcake\yellowcake.tests\bin\release\net10.0\yellowcake.tests.dll" id="82b65da7-a725-baeb-00b0-7bcbfe694923">
      <Execution id="ca57b2a3-3e46-4146-b56d-46563823fd53" />
      <TestMethod codeBase="C:\Users\nova\source\repos\Yellowcake\Yellowcake.Tests\bin\Release\net10.0\Yellowcake.Tests.dll" adapterTypeName="executor://xunit/VsTestRunner2/netcoreapp" className="Yellowcake.Tests.ModServiceTests" name="HasUpdate_ShouldReturnFalseWhenSameVersion" />
    </UnitTest>
    <UnitTest name="Yellowcake.Tests.ConfigurationContractTests.OfficialEndpoints_ShouldMatchExpectedUrls" storage="c:\users\nova\source\repos\yellowcake\yellowcake.tests\bin\release\net10.0\yellowcake.tests.dll" id="bef337ee-84b6-8887-f5f9-932caf8dba60">
      <Execution id="e69ceb72-65ec-4f7f-82cf-7fb791e7a0a0" />
      <TestMethod codeBase="C:\Users\nova\source\repos\Yellowcake\Yellowcake.Tests\bin\Release\net10.0\Yellowcake.Tests.dll" adapterTypeName="executor://xunit/VsTestRunner2/netcoreapp" className="Yellowcake.Tests.ConfigurationContractTests" name="OfficialEndpoints_ShouldMatchExpectedUrls" />
    </UnitTest>
    <UnitTest name="Yellowcake.Tests.ModModelTests.CleanVersion_ShouldNormalizeCommonFormats" storage="c:\users\nova\source\repos\yellowcake\yellowcake.tests\bin\release\net10.0\yellowcake.tests.dll" id="309c55c9-863f-7317-4f88-efd32404ed67">
      <Execution id="2a3361fb-1046-4d93-8a6f-801f0a75bdfe" />
      <TestMethod codeBase="C:\Users\nova\source\repos\Yellowcake\Yellowcake.Tests\bin\Release\net10.0\Yellowcake.Tests.dll" adapterTypeName="executor://xunit/VsTestRunner2/netcoreapp" className="Yellowcake.Tests.ModModelTests" name="CleanVersion_ShouldNormalizeCommonFormats" />
    </UnitTest>
    <UnitTest name="Yellowcake.Tests.ModDiscoveryTests.ReconcileInstalledModsWithDisk_ShouldDiscoverLegacyVoicePackStorage" storage="c:\users\nova\source\repos\yellowcake\yellowcake.tests\bin\release\net10.0\yellowcake.tests.dll" id="408cf102-9160-b88c-d682-8e1efc087bab">
      <Execution id="cdff5810-1443-4ba9-b030-723ccec52105" />
      <TestMethod codeBase="C:\Users\nova\source\repos\Yellowcake\Yellowcake.Tests\bin\Release\net10.0\Yellowcake.Tests.dll" adapterTypeName="executor://xunit/VsTestRunner2/netcoreapp" className="Yellowcake.Tests.ModDiscoveryTests" name="ReconcileInstalledModsWithDisk_ShouldDiscoverLegacyVoicePackStorage" />
    </UnitTest>
    <UnitTest name="Yellowcake.Tests.ModServiceTests.HasUpdate_ShouldReturnTrueWhenRemoteVersionIsNewer" storage="c:\users\nova\source\repos\yellowcake\yellowcake.tests\bin\release\net10.0\yellowcake.tests.dll" id="18bd709f-0b83-bd90-6596-111bcbec0ae3">
      <Execution id="c4c6b505-acb1-4464-9f68-56e7ffcaafb6" />
      <TestMethod codeBase="C:\Users\nova\source\repos\Yellowcake\Yellowcake.Tests\bin\Release\net10.0\Yellowcake.Tests.dll" adapterTypeName="executor://xunit/VsTestRunner2/netcoreapp" className="Yellowcake.Tests.ModServiceTests" name="HasUpdate_ShouldReturnTrueWhenRemoteVersionIsNewer" />
    </UnitTest>
    <UnitTest name="Yellowcake.Tests.ModServiceTests.HasUpdate_ShouldReturnFalseWhenEitherModIsNull" storage="c:\users\nova\source\repos\yellowcake\yellowcake.tests\bin\release\net10.0\yellowcake.tests.dll" id="e71a2dbe-af5c-e17f-584c-f0711330f2a9">
      <Execution id="dbd7b70c-46c6-4141-a052-4781011c1efd" />
      <TestMethod codeBase="C:\Users\nova\source\repos\Yellowcake\Yellowcake.Tests\bin\Release\net10.0\Yellowcake.Tests.dll" adapterTypeName="executor://xunit/VsTestRunner2/netcoreapp" className="Yellowcake.Tests.ModServiceTests" name="HasUpdate_ShouldReturnFalseWhenEitherModIsNull" />
    </UnitTest>
    <UnitTest name="Yellowcake.Tests.ModDiscoveryTests.ReconcileInstalledModsWithDisk_ShouldDiscoverUnknownExternalPluginWithoutManifestEntry" storage="c:\users\nova\source\repos\yellowcake\yellowcake.tests\bin\release\net10.0\yellowcake.tests.dll" id="28cf7754-2b3b-9b9a-5a11-d32cfa635363">
      <Execution id="c2e04d1b-3893-4f68-a48f-10cadc13970b" />
      <TestMethod codeBase="C:\Users\nova\source\repos\Yellowcake\Yellowcake.Tests\bin\Release\net10.0\Yellowcake.Tests.dll" adapterTypeName="executor://xunit/VsTestRunner2/netcoreapp" className="Yellowcake.Tests.ModDiscoveryTests" name="ReconcileInstalledModsWithDisk_ShouldDiscoverUnknownExternalPluginWithoutManifestEntry" />
    </UnitTest>
    <UnitTest name="Yellowcake.Tests.ModDiscoveryTests.ReconcileInstalledModsWithDisk_ShouldMarkDbModRemovedWhenMissingFromDisk" storage="c:\users\nova\source\repos\yellowcake\yellowcake.tests\bin\release\net10.0\yellowcake.tests.dll" id="a1235d96-4456-282c-ba88-2a1cec3158fc">
      <Execution id="8b023c87-9bda-4b10-8207-57bcf77c1d29" />
      <TestMethod codeBase="C:\Users\nova\source\repos\Yellowcake\Yellowcake.Tests\bin\Release\net10.0\Yellowcake.Tests.dll" adapterTypeName="executor://xunit/VsTestRunner2/netcoreapp" className="Yellowcake.Tests.ModDiscoveryTests" name="ReconcileInstalledModsWithDisk_ShouldMarkDbModRemovedWhenMissingFromDisk" />
    </UnitTest>
    <UnitTest name="Yellowcake.Tests.ModDiscoveryTests.ReconcileInstalledModsWithDisk_ShouldDiscoverExternallyInstalledPlugin" storage="c:\users\nova\source\repos\yellowcake\yellowcake.tests\bin\release\net10.0\yellowcake.tests.dll" id="5c1439ef-1cf7-d305-f310-9d03ea35376a">
      <Execution id="5c1a4431-4c65-4404-b4c8-3d0f95b5b6aa" />
      <TestMethod codeBase="C:\Users\nova\source\repos\Yellowcake\Yellowcake.Tests\bin\Release\net10.0\Yellowcake.Tests.dll" adapterTypeName="executor://xunit/VsTestRunner2/netcoreapp" className="Yellowcake.Tests.ModDiscoveryTests" name="ReconcileInstalledModsWithDisk_ShouldDiscoverExternallyInstalledPlugin" />
    </UnitTest>
    <UnitTest name="Yellowcake.Tests.ManifestServiceTests.FetchRemoteManifestAsync_BackgroundRefresh_ShouldNotCallHttpWhenTokenCancelled" storage="c:\users\nova\source\repos\yellowcake\yellowcake.tests\bin\release\net10.0\yellowcake.tests.dll" id="e7f1bf20-5c4d-b188-a845-18cda77aa3f5">
      <Execution id="aa8030f9-9f1f-4a6c-b51e-646da14d9656" />
      <TestMethod codeBase="C:\Users\nova\source\repos\Yellowcake\Yellowcake.Tests\bin\Release\net10.0\Yellowcake.Tests.dll" adapterTypeName="executor://xunit/VsTestRunner2/netcoreapp" className="Yellowcake.Tests.ManifestServiceTests" name="FetchRemoteManifestAsync_BackgroundRefresh_ShouldNotCallHttpWhenTokenCancelled" />
    </UnitTest>
    <UnitTest name="Yellowcake.Tests.ModModelTests.IsExternalSource_ShouldBeTrueOnlyForExternalSourceMods" storage="c:\users\nova\source\repos\yellowcake\yellowcake.tests\bin\release\net10.0\yellowcake.tests.dll" id="d9d2b30e-3cd9-b530-8dbf-c8f85fa6a7d8">
      <Execution id="381ddcc6-369b-40b5-80e6-196c22235bfc" />
      <TestMethod codeBase="C:\Users\nova\source\repos\Yellowcake\Yellowcake.Tests\bin\Release\net10.0\Yellowcake.Tests.dll" adapterTypeName="executor://xunit/VsTestRunner2/netcoreapp" className="Yellowcake.Tests.ModModelTests" name="IsExternalSource_ShouldBeTrueOnlyForExternalSourceMods" />
    </UnitTest>
    <UnitTest name="Yellowcake.Tests.ModModelTests.GetReleaseArtifacts_ShouldReturnSortedDescendingByVersion" storage="c:\users\nova\source\repos\yellowcake\yellowcake.tests\bin\release\net10.0\yellowcake.tests.dll" id="c51f1c4c-e218-6311-007c-364605f166bc">
      <Execution id="f4e2c662-4e9b-452e-8acd-418db75c1906" />
      <TestMethod codeBase="C:\Users\nova\source\repos\Yellowcake\Yellowcake.Tests\bin\Release\net10.0\Yellowcake.Tests.dll" adapterTypeName="executor://xunit/VsTestRunner2/netcoreapp" className="Yellowcake.Tests.ModModelTests" name="GetReleaseArtifacts_ShouldReturnSortedDescendingByVersion" />
    </UnitTest>
    <UnitTest name="Yellowcake.Tests.ModDiscoveryTests.ReconcileInstalledModsWithDisk_ShouldDoNothingWhenNoDiskOrDbMods" storage="c:\users\nova\source\repos\yellowcake\yellowcake.tests\bin\release\net10.0\yellowcake.tests.dll" id="9f0e5063-9843-dd15-78c6-d8c09aa3ee6f">
      <Execution id="0d0b58a0-acd7-4418-ade4-7e73e75e3a8c" />
      <TestMethod codeBase="C:\Users\nova\source\repos\Yellowcake\Yellowcake.Tests\bin\Release\net10.0\Yellowcake.Tests.dll" adapterTypeName="executor://xunit/VsTestRunner2/netcoreapp" className="Yellowcake.Tests.ModDiscoveryTests" name="ReconcileInstalledModsWithDisk_ShouldDoNothingWhenNoDiskOrDbMods" />
    </UnitTest>
    <UnitTest name="Yellowcake.Tests.ManifestServiceTests.FetchRemoteManifestAsync_ShouldReturnEmptyWhenTargetMissing" storage="c:\users\nova\source\repos\yellowcake\yellowcake.tests\bin\release\net10.0\yellowcake.tests.dll" id="bd37dfa5-9f80-58d9-b441-89eebd6764d3">
      <Execution id="e4d777b1-16d1-4c8b-ad27-e57d49c1a475" />
      <TestMethod codeBase="C:\Users\nova\source\repos\Yellowcake\Yellowcake.Tests\bin\Release\net10.0\Yellowcake.Tests.dll" adapterTypeName="executor://xunit/VsTestRunner2/netcoreapp" className="Yellowcake.Tests.ManifestServiceTests" name="FetchRemoteManifestAsync_ShouldReturnEmptyWhenTargetMissing" />
    </UnitTest>
    <UnitTest name="Yellowcake.Tests.ModDiscoveryTests.ReconcileInstalledModsWithDisk_ShouldNotDoubleCountWhenStorageAndGameTargetsExist" storage="c:\users\nova\source\repos\yellowcake\yellowcake.tests\bin\release\net10.0\yellowcake.tests.dll" id="cfad0f77-4529-a964-b067-09250ab2b1ba">
      <Execution id="f6831788-ec84-441b-a04c-34ab4a83f849" />
      <TestMethod codeBase="C:\Users\nova\source\repos\Yellowcake\Yellowcake.Tests\bin\Release\net10.0\Yellowcake.Tests.dll" adapterTypeName="executor://xunit/VsTestRunner2/netcoreapp" className="Yellowcake.Tests.ModDiscoveryTests" name="ReconcileInstalledModsWithDisk_ShouldNotDoubleCountWhenStorageAndGameTargetsExist" />
    </UnitTest>
    <UnitTest name="Yellowcake.Tests.ModModelTests.FinalizeFromManifest_ShouldDetectMissionAndVoiceAndLiveryFromMetadata" storage="c:\users\nova\source\repos\yellowcake\yellowcake.tests\bin\release\net10.0\yellowcake.tests.dll" id="85dc5dbb-e8d4-4bdc-03fd-a0d52eb0beb4">
      <Execution id="bb3e40c9-f6e4-497c-8a91-4a63caf1a274" />
      <TestMethod codeBase="C:\Users\nova\source\repos\Yellowcake\Yellowcake.Tests\bin\Release\net10.0\Yellowcake.Tests.dll" adapterTypeName="executor://xunit/VsTestRunner2/netcoreapp" className="Yellowcake.Tests.ModModelTests" name="FinalizeFromManifest_ShouldDetectMissionAndVoiceAndLiveryFromMetadata" />
    </UnitTest>
    <UnitTest name="Yellowcake.Tests.ModModelTests.Validate_ShouldFailWhenCoreFieldsMissing" storage="c:\users\nova\source\repos\yellowcake\yellowcake.tests\bin\release\net10.0\yellowcake.tests.dll" id="8abac77b-a414-54aa-f008-87eea06c8743">
      <Execution id="b32b6578-9ce8-478a-919d-5c8920e3981e" />
      <TestMethod codeBase="C:\Users\nova\source\repos\Yellowcake\Yellowcake.Tests\bin\Release\net10.0\Yellowcake.Tests.dll" adapterTypeName="executor://xunit/VsTestRunner2/netcoreapp" className="Yellowcake.Tests.ModModelTests" name="Validate_ShouldFailWhenCoreFieldsMissing" />
    </UnitTest>
    <UnitTest name="Yellowcake.Tests.ManifestServiceTests.ClearCache_ShouldDeleteManifestCache" storage="c:\users\nova\source\repos\yellowcake\yellowcake.tests\bin\release\net10.0\yellowcake.tests.dll" id="fa6e08b5-a302-e0ee-35ab-691a4a6c0e6d">
      <Execution id="9f3bb1ab-1fb4-4ed7-b013-f6fed3c1edbc" />
      <TestMethod codeBase="C:\Users\nova\source\repos\Yellowcake\Yellowcake.Tests\bin\Release\net10.0\Yellowcake.Tests.dll" adapterTypeName="executor://xunit/VsTestRunner2/netcoreapp" className="Yellowcake.Tests.ManifestServiceTests" name="ClearCache_ShouldDeleteManifestCache" />
    </UnitTest>
    <UnitTest name="Yellowcake.Tests.ModModelTests.Validate_ShouldPassWhenReleaseArtifactHasDownloadUrl" storage="c:\users\nova\source\repos\yellowcake\yellowcake.tests\bin\release\net10.0\yellowcake.tests.dll" id="6bd52476-3fc6-3e46-6f55-bb98136d5fe2">
      <Execution id="6b53685e-4a1a-44d4-a080-b1317f958d06" />
      <TestMethod codeBase="C:\Users\nova\source\repos\Yellowcake\Yellowcake.Tests\bin\Release\net10.0\Yellowcake.Tests.dll" adapterTypeName="executor://xunit/VsTestRunner2/netcoreapp" className="Yellowcake.Tests.ModModelTests" name="Validate_ShouldPassWhenReleaseArtifactHasDownloadUrl" />
    </UnitTest>
    <UnitTest name="Yellowcake.Tests.InstallServiceTests.ExtractArchiveToPath_ShouldStripSingleSharedRootFolder" storage="c:\users\nova\source\repos\yellowcake\yellowcake.tests\bin\release\net10.0\yellowcake.tests.dll" id="ccc4b22b-41b7-9a6d-8c5b-69045acea5f6">
      <Execution id="da26c4ad-47f2-4dc1-834f-2cc16d0ef151" />
      <TestMethod codeBase="C:\Users\nova\source\repos\Yellowcake\Yellowcake.Tests\bin\Release\net10.0\Yellowcake.Tests.dll" adapterTypeName="executor://xunit/VsTestRunner2/netcoreapp" className="Yellowcake.Tests.InstallServiceTests" name="ExtractArchiveToPath_ShouldStripSingleSharedRootFolder" />
    </UnitTest>
    <UnitTest name="Yellowcake.Tests.DownloadQueueTests.EnqueueAsync_WhenCanceledWhileQueued_ShouldCleanupPendingState" storage="c:\users\nova\source\repos\yellowcake\yellowcake.tests\bin\release\net10.0\yellowcake.tests.dll" id="17de1921-a48a-737e-8980-d07f2cdb6f6a">
      <Execution id="79a5a17c-91c7-42cd-b6e5-4a1601255192" />
      <TestMethod codeBase="C:\Users\nova\source\repos\Yellowcake\Yellowcake.Tests\bin\Release\net10.0\Yellowcake.Tests.dll" adapterTypeName="executor://xunit/VsTestRunner2/netcoreapp" className="Yellowcake.Tests.DownloadQueueTests" name="EnqueueAsync_WhenCanceledWhileQueued_ShouldCleanupPendingState" />
    </UnitTest>
    <UnitTest name="Yellowcake.Tests.DownloadQueueTests.EnqueueAsync_WhenCanceledWhileActive_ShouldCleanupAndThrow" storage="c:\users\nova\source\repos\yellowcake\yellowcake.tests\bin\release\net10.0\yellowcake.tests.dll" id="a03cd552-ca74-3518-1a2b-09600b98c32a">
      <Execution id="6991f63b-060f-429a-bebe-37c22d2a44e9" />
      <TestMethod codeBase="C:\Users\nova\source\repos\Yellowcake\Yellowcake.Tests\bin\Release\net10.0\Yellowcake.Tests.dll" adapterTypeName="executor://xunit/VsTestRunner2/netcoreapp" className="Yellowcake.Tests.DownloadQueueTests" name="EnqueueAsync_WhenCanceledWhileActive_ShouldCleanupAndThrow" />
    </UnitTest>
    <UnitTest name="Yellowcake.Tests.ModServiceTests.HasUpdate_ShouldTreatNonStandardVersionsAsEqualWhenBothNormalizeToZero" storage="c:\users\nova\source\repos\yellowcake\yellowcake.tests\bin\release\net10.0\yellowcake.tests.dll" id="6b68883a-7cd5-36ae-f38a-8baeeaeb9f6d">
      <Execution id="78262b76-d71c-4464-9090-5e61a28f9651" />
      <TestMethod codeBase="C:\Users\nova\source\repos\Yellowcake\Yellowcake.Tests\bin\Release\net10.0\Yellowcake.Tests.dll" adapterTypeName="executor://xunit/VsTestRunner2/netcoreapp" className="Yellowcake.Tests.ModServiceTests" name="HasUpdate_ShouldTreatNonStandardVersionsAsEqualWhenBothNormalizeToZero" />
    </UnitTest>
    <UnitTest name="Yellowcake.Tests.DownloadQueueTests.EnqueueAsync_ShouldTrackQueuedAndActiveDownloads" storage="c:\users\nova\source\repos\yellowcake\yellowcake.tests\bin\release\net10.0\yellowcake.tests.dll" id="c5a82d96-7bbb-d01b-1e45-36dc5da2b19e">
      <Execution id="2ab4dcfa-95d5-4545-9656-e1140c8d1924" />
      <TestMethod codeBase="C:\Users\nova\source\repos\Yellowcake\Yellowcake.Tests\bin\Release\net10.0\Yellowcake.Tests.dll" adapterTypeName="executor://xunit/VsTestRunner2/netcoreapp" className="Yellowcake.Tests.DownloadQueueTests" name="EnqueueAsync_ShouldTrackQueuedAndActiveDownloads" />
    </UnitTest>
  </TestDefinitions>
  <TestEntries>
    <TestEntry testId="e71a2dbe-af5c-e17f-584c-f0711330f2a9" executionId="dbd7b70c-46c6-4141-a052-4781011c1efd" testListId="8c84fa94-04c1-424b-9868-57a2d4851a1d" />
    <TestEntry testId="8abac77b-a414-54aa-f008-87eea06c8743" executionId="b32b6578-9ce8-478a-919d-5c8920e3981e" testListId="8c84fa94-04c1-424b-9868-57a2d4851a1d" />
    <TestEntry testId="4f0699ce-f4f3-0a0c-632f-718563e9fa9c" executionId="d646155d-8f7e-49ce-9f5a-b55076e2699d" testListId="8c84fa94-04c1-424b-9868-57a2d4851a1d" />
    <TestEntry testId="a03cd552-ca74-3518-1a2b-09600b98c32a" executionId="6991f63b-060f-429a-bebe-37c22d2a44e9" testListId="8c84fa94-04c1-424b-9868-57a2d4851a1d" />
    <TestEntry testId="5c1439ef-1cf7-d305-f310-9d03ea35376a" executionId="5c1a4431-4c65-4404-b4c8-3d0f95b5b6aa" testListId="8c84fa94-04c1-424b-9868-57a2d4851a1d" />
    <TestEntry testId="82b65da7-a725-baeb-00b0-7bcbfe694923" executionId="ca57b2a3-3e46-4146-b56d-46563823fd53" testListId="8c84fa94-04c1-424b-9868-57a2d4851a1d" />
    <TestEntry testId="8831b662-9602-8af8-4201-f29965c8931b" executionId="39bbc5c6-90a5-4b01-93ce-3f9c89d47a65" testListId="8c84fa94-04c1-424b-9868-57a2d4851a1d" />
    <TestEntry testId="be814daa-4dc5-0054-6284-f8f8d28f0efe" executionId="d9098d5a-3572-4ee7-847f-4b702cceb755" testListId="8c84fa94-04c1-424b-9868-57a2d4851a1d" />
    <TestEntry testId="6b68883a-7cd5-36ae-f38a-8baeeaeb9f6d" executionId="78262b76-d71c-4464-9090-5e61a28f9651" testListId="8c84fa94-04c1-424b-9868-57a2d4851a1d" />
    <TestEntry testId="c5a82d96-7bbb-d01b-1e45-36dc5da2b19e" executionId="2ab4dcfa-95d5-4545-9656-e1140c8d1924" testListId="8c84fa94-04c1-424b-9868-57a2d4851a1d" />
    <TestEntry testId="9f747382-eedb-f398-20d9-6df8895f9934" executionId="75274af0-f071-4a52-aef6-bc4c23b5bd1a" testListId="8c84fa94-04c1-424b-9868-57a2d4851a1d" />
    <TestEntry testId="6bd52476-3fc6-3e46-6f55-bb98136d5fe2" executionId="6b53685e-4a1a-44d4-a080-b1317f958d06" testListId="8c84fa94-04c1-424b-9868-57a2d4851a1d" />
    <TestEntry testId="a1235d96-4456-282c-ba88-2a1cec3158fc" executionId="8b023c87-9bda-4b10-8207-57bcf77c1d29" testListId="8c84fa94-04c1-424b-9868-57a2d4851a1d" />
    <TestEntry testId="18bd709f-0b83-bd90-6596-111bcbec0ae3" executionId="c4c6b505-acb1-4464-9f68-56e7ffcaafb6" testListId="8c84fa94-04c1-424b-9868-57a2d4851a1d" />
    <TestEntry testId="e7f1bf20-5c4d-b188-a845-18cda77aa3f5" executionId="aa8030f9-9f1f-4a6c-b51e-646da14d9656" testListId="8c84fa94-04c1-424b-9868-57a2d4851a1d" />
    <TestEntry testId="28cf7754-2b3b-9b9a-5a11-d32cfa635363" executionId="c2e04d1b-3893-4f68-a48f-10cadc13970b" testListId="8c84fa94-04c1-424b-9868-57a2d4851a1d" />
    <TestEntry testId="c51f1c4c-e218-6311-007c-364605f166bc" executionId="f4e2c662-4e9b-452e-8acd-418db75c1906" testListId="8c84fa94-04c1-424b-9868-57a2d4851a1d" />
    <TestEntry testId="7f43f07f-f4dd-91b4-6312-70a483c8efa1" executionId="c3548df4-06e8-4056-acbf-c5b3a36772f0" testListId="8c84fa94-04c1-424b-9868-57a2d4851a1d" />
    <TestEntry testId="ccc4b22b-41b7-9a6d-8c5b-69045acea5f6" executionId="da26c4ad-47f2-4dc1-834f-2cc16d0ef151" testListId="8c84fa94-04c1-424b-9868-57a2d4851a1d" />
    <TestEntry testId="85dc5dbb-e8d4-4bdc-03fd-a0d52eb0beb4" executionId="bb3e40c9-f6e4-497c-8a91-4a63caf1a274" testListId="8c84fa94-04c1-424b-9868-57a2d4851a1d" />
    <TestEntry testId="c637ce0e-eb7a-f7c4-7094-1e4201e18d78" executionId="bf908360-dec8-40f6-aa0d-47917a72c72d" testListId="8c84fa94-04c1-424b-9868-57a2d4851a1d" />
    <TestEntry testId="fa6e08b5-a302-e0ee-35ab-691a4a6c0e6d" executionId="9f3bb1ab-1fb4-4ed7-b013-f6fed3c1edbc" testListId="8c84fa94-04c1-424b-9868-57a2d4851a1d" />
    <TestEntry testId="cfad0f77-4529-a964-b067-09250ab2b1ba" executionId="f6831788-ec84-441b-a04c-34ab4a83f849" testListId="8c84fa94-04c1-424b-9868-57a2d4851a1d" />
    <TestEntry testId="35e724b1-0a05-ac61-e20e-321cb51c9c8e" executionId="3d068fef-0d97-45c5-896a-5a1defaeb100" testListId="8c84fa94-04c1-424b-9868-57a2d4851a1d" />
    <TestEntry testId="230488d2-59e4-d426-f988-91ae0acc2649" executionId="d9718dc7-8255-4897-9092-62af6ad737b3" testListId="8c84fa94-04c1-424b-9868-57a2d4851a1d" />
    <TestEntry testId="408cf102-9160-b88c-d682-8e1efc087bab" executionId="cdff5810-1443-4ba9-b030-723ccec52105" testListId="8c84fa94-04c1-424b-9868-57a2d4851a1d" />
    <TestEntry testId="17de1921-a48a-737e-8980-d07f2cdb6f6a" executionId="79a5a17c-91c7-42cd-b6e5-4a1601255192" testListId="8c84fa94-04c1-424b-9868-57a2d4851a1d" />
    <TestEntry testId="bd37dfa5-9f80-58d9-b441-89eebd6764d3" executionId="e4d777b1-16d1-4c8b-ad27-e57d49c1a475" testListId="8c84fa94-04c1-424b-9868-57a2d4851a1d" />
    <TestEntry testId="d9d2b30e-3cd9-b530-8dbf-c8f85fa6a7d8" executionId="381ddcc6-369b-40b5-80e6-196c22235bfc" testListId="8c84fa94-04c1-424b-9868-57a2d4851a1d" />
    <TestEntry testId="bef337ee-84b6-8887-f5f9-932caf8dba60" executionId="e69ceb72-65ec-4f7f-82cf-7fb791e7a0a0" testListId="8c84fa94-04c1-424b-9868-57a2d4851a1d" />
    <TestEntry testId="ea733dec-bb5b-bc1a-f4a1-5e72a74f39d8" executionId="2aff0e2e-d4af-4bda-a0fa-3ca69e58283f" testListId="8c84fa94-04c1-424b-9868-57a2d4851a1d" />
    <TestEntry testId="9f0e5063-9843-dd15-78c6-d8c09aa3ee6f" executionId="0d0b58a0-acd7-4418-ade4-7e73e75e3a8c" testListId="8c84fa94-04c1-424b-9868-57a2d4851a1d" />
    <TestEntry testId="309c55c9-863f-7317-4f88-efd32404ed67" executionId="2a3361fb-1046-4d93-8a6f-801f0a75bdfe" testListId="8c84fa94-04c1-424b-9868-57a2d4851a1d" />
  </TestEntries>
  <TestLists>
    <TestList name="Results Not in a List" id="8c84fa94-04c1-424b-9868-57a2d4851a1d" />
    <TestList name="All Loaded Results" id="19431567-8539-422a-85d7-44ee4e166bda" />
  </TestLists>
  <ResultSummary outcome="Completed">
    <Counters total="33" executed="33" passed="33" failed="0" error="0" timeout="0" aborted="0" inconclusive="0" passedButRunAborted="0" notRunnable="0" notExecuted="0" disconnected="0" warning="0" completed="0" inProgress="0" pending="0" />
    <Output>
      <StdOut>[xUnit.net 00:00:00.00] xUnit.net VSTest Adapter v2.8.2+699d445a1a (64-bit .NET 10.0.3)&#xD;
[xUnit.net 00:00:02.06]   Discovering: Yellowcake.Tests&#xD;
[xUnit.net 00:00:02.11]   Discovered:  Yellowcake.Tests&#xD;
[xUnit.net 00:00:02.12]   Starting:    Yellowcake.Tests&#xD;
[xUnit.net 00:00:04.61]   Finished:    Yellowcake.Tests&#xD;
</StdOut>
    </Output>
    <CollectorDataEntries>
      <Collector agentName="NOVA" uri="datacollector://microsoft/CoverletCodeCoverage/1.0" collectorDisplayName="XPlat code coverage">
        <UriAttachments>
          <UriAttachment>
            <A href="NOVA\coverage.cobertura.xml"></A>
          </UriAttachment>
        </UriAttachments>
      </Collector>
    </CollectorDataEntries>
  </ResultSummary>
</TestRun>